生成启动时间为 2019/9/18 16:58:23。
     1>项目“E:\C++学习\my_string\my_string.vcxproj”在节点 2 上(Build 个目标)。
     1>ClCompile:
         E:\VS2013\VC\bin\CL.exe /c /ZI /nologo /W3 /WX- /Od /Oy- /D WIN32 /D _DEBUG /D _CONSOLE /D _LIB /D _UNICODE /D UNICODE /Gm /EHsc /RTC1 /MDd /GS /fp:precise /Zc:wchar_t /Zc:forScope /Fo"Debug\\" /Fd"Debug\vc120.pdb" /Gd /TP /analyze- /errorReport:prompt my_string.cpp
         my_string.cpp
     1>e:\c++学习\my_string\my_string.cpp(20): warning C4996: 'strcpy': This function or variable may be unsafe. Consider using strcpy_s instead. To disable deprecation, use _CRT_SECURE_NO_WARNINGS. See online help for details.
                 e:\vs2013\vc\include\string.h(112) : 参见“strcpy”的声明
     1>e:\c++学习\my_string\my_string.cpp(30): warning C4996: 'strcpy': This function or variable may be unsafe. Consider using strcpy_s instead. To disable deprecation, use _CRT_SECURE_NO_WARNINGS. See online help for details.
                 e:\vs2013\vc\include\string.h(112) : 参见“strcpy”的声明
     1>e:\c++学习\my_string\my_string.cpp(44): warning C4996: 'strcpy': This function or variable may be unsafe. Consider using strcpy_s instead. To disable deprecation, use _CRT_SECURE_NO_WARNINGS. See online help for details.
                 e:\vs2013\vc\include\string.h(112) : 参见“strcpy”的声明
     1>e:\c++学习\my_string\my_string.cpp(54): warning C4996: 'strcpy': This function or variable may be unsafe. Consider using strcpy_s instead. To disable deprecation, use _CRT_SECURE_NO_WARNINGS. See online help for details.
                 e:\vs2013\vc\include\string.h(112) : 参见“strcpy”的声明
     1>e:\c++学习\my_string\my_string.cpp(77): warning C4018: “<”: 有符号/无符号不匹配
     1>e:\c++学习\my_string\my_string.cpp(78): warning C4018: “<”: 有符号/无符号不匹配
       Link:
         E:\VS2013\VC\bin\link.exe /ERRORREPORT:PROMPT /OUT:"E:\C++学习\my_string\Debug\my_string.exe" /INCREMENTAL /NOLOGO kernel32.lib user32.lib gdi32.lib winspool.lib comdlg32.lib advapi32.lib shell32.lib ole32.lib oleaut32.lib uuid.lib odbc32.lib odbccp32.lib /MANIFEST /MANIFESTUAC:"level='asInvoker' uiAccess='false'" /manifest:embed /DEBUG /PDB:"E:\C++学习\my_string\Debug\my_string.pdb" /SUBSYSTEM:CONSOLE /TLBID:1 /DYNAMICBASE /NXCOMPAT /IMPLIB:"E:\C++学习\my_string\Debug\my_string.lib" /MACHINE:X86 Debug\my_string.obj
     1>MSVCRTD.lib(crtexe.obj) : error LNK2019: 无法解析的外部符号 _main，该符号在函数 ___tmainCRTStartup 中被引用
     1>E:\C++学习\my_string\Debug\my_string.exe : fatal error LNK1120: 1 个无法解析的外部命令
     1>已完成生成项目“E:\C++学习\my_string\my_string.vcxproj”(Build 个目标)的操作 - 失败。

生成失败。

已用时间 00:00:00.55
