生成启动时间为 2019/10/22 20:49:54。
     1>项目“C:\github上传代码\C++\my_list\my_list.vcxproj”在节点 2 上(Build 个目标)。
     1>ClCompile:
         E:\VS2013\VC\bin\CL.exe /c /ZI /nologo /W3 /WX- /sdl /Od /Oy- /D WIN32 /D _DEBUG /D _CONSOLE /D _LIB /D _UNICODE /D UNICODE /Gm /EHsc /RTC1 /MDd /GS /fp:precise /Zc:wchar_t /Zc:forScope /Fo"Debug\\" /Fd"Debug\vc120.pdb" /Gd /TP /analyze- /errorReport:prompt stl_list.cpp
         stl_list.cpp
     1>c:\github上传代码\c++\my_list\stl_list.cpp(87): warning C4172: 返回局部变量或临时变量的地址
                 c:\github上传代码\c++\my_list\stl_list.cpp(86): 编译类 模板 成员函数“lh::list_iterator<T,T &,T *> &lh::list<T>::begin(void)”时
                 with
                 [
                     T=int
                 ]
                 c:\github上传代码\c++\my_list\stl_list.cpp(213): 参见对正在编译的函数 模板 实例化“lh::list_iterator<T,T &,T *> &lh::list<T>::begin(void)”的引用
                 with
                 [
                     T=int
                 ]
                 c:\github上传代码\c++\my_list\stl_list.cpp(213): 参见对正在编译的类 模板 实例化“lh::list<int>”的引用
     1>c:\github上传代码\c++\my_list\stl_list.cpp(91): warning C4172: 返回局部变量或临时变量的地址
                 c:\github上传代码\c++\my_list\stl_list.cpp(90): 编译类 模板 成员函数“lh::list_iterator<T,T &,T *> &lh::list<T>::end(void)”时
                 with
                 [
                     T=int
                 ]
                 c:\github上传代码\c++\my_list\stl_list.cpp(214): 参见对正在编译的函数 模板 实例化“lh::list_iterator<T,T &,T *> &lh::list<T>::end(void)”的引用
                 with
                 [
                     T=int
                 ]
       Link:
         E:\VS2013\VC\bin\link.exe /ERRORREPORT:PROMPT /OUT:"C:\github上传代码\C++\my_list\Debug\my_list.exe" /INCREMENTAL /NOLOGO kernel32.lib user32.lib gdi32.lib winspool.lib comdlg32.lib advapi32.lib shell32.lib ole32.lib oleaut32.lib uuid.lib odbc32.lib odbccp32.lib /MANIFEST /MANIFESTUAC:"level='asInvoker' uiAccess='false'" /manifest:embed /DEBUG /PDB:"C:\github上传代码\C++\my_list\Debug\my_list.pdb" /SUBSYSTEM:CONSOLE /TLBID:1 /DYNAMICBASE /NXCOMPAT /IMPLIB:"C:\github上传代码\C++\my_list\Debug\my_list.lib" /MACHINE:X86 Debug\stl_list.obj
         my_list.vcxproj -> C:\github上传代码\C++\my_list\Debug\my_list.exe
     1>已完成生成项目“C:\github上传代码\C++\my_list\my_list.vcxproj”(Build 个目标)的操作。

生成成功。

已用时间 00:00:00.66
